mode: set
github.com/forrest321/docgen/markup.go:53.60,55.38 2 0
github.com/forrest321/docgen/markup.go:58.2,58.20 1 0
github.com/forrest321/docgen/markup.go:55.38,57.3 1 0
github.com/forrest321/docgen/markup.go:62.38,64.2 1 0
github.com/forrest321/docgen/markup.go:67.39,68.22 1 0
github.com/forrest321/docgen/markup.go:72.2,73.16 2 0
github.com/forrest321/docgen/markup.go:77.2,94.12 8 0
github.com/forrest321/docgen/markup.go:68.22,70.3 1 0
github.com/forrest321/docgen/markup.go:73.16,75.3 1 0
github.com/forrest321/docgen/markup.go:98.36,111.29 7 0
github.com/forrest321/docgen/markup.go:114.2,116.33 2 0
github.com/forrest321/docgen/markup.go:126.2,127.76 2 0
github.com/forrest321/docgen/markup.go:111.29,113.3 1 0
github.com/forrest321/docgen/markup.go:116.33,124.3 5 0
github.com/forrest321/docgen/markup.go:134.58,138.36 2 0
github.com/forrest321/docgen/markup.go:141.2,146.31 4 0
github.com/forrest321/docgen/markup.go:178.2,179.99 2 0
github.com/forrest321/docgen/markup.go:138.36,140.3 1 0
github.com/forrest321/docgen/markup.go:146.31,150.23 2 0
github.com/forrest321/docgen/markup.go:150.23,152.4 1 0
github.com/forrest321/docgen/markup.go:152.4,156.38 3 0
github.com/forrest321/docgen/markup.go:174.4,175.69 2 0
github.com/forrest321/docgen/markup.go:156.38,162.39 4 0
github.com/forrest321/docgen/markup.go:166.5,172.92 4 0
github.com/forrest321/docgen/markup.go:162.39,165.6 2 0
github.com/forrest321/docgen/markup.go:182.81,185.33 2 0
github.com/forrest321/docgen/markup.go:185.33,190.23 3 0
github.com/forrest321/docgen/markup.go:190.23,199.4 3 0
github.com/forrest321/docgen/markup.go:199.4,199.34 1 0
github.com/forrest321/docgen/markup.go:199.34,208.39 3 0
github.com/forrest321/docgen/markup.go:211.4,211.44 1 0
github.com/forrest321/docgen/markup.go:208.39,210.5 1 0
github.com/forrest321/docgen/markup.go:213.4,214.25 1 0
github.com/forrest321/docgen/markup.go:219.68,221.76 1 0
github.com/forrest321/docgen/markup.go:224.2,224.31 1 0
github.com/forrest321/docgen/markup.go:227.2,227.39 1 0
github.com/forrest321/docgen/markup.go:235.2,235.63 1 0
github.com/forrest321/docgen/markup.go:241.2,241.50 1 0
github.com/forrest321/docgen/markup.go:221.76,223.3 1 0
github.com/forrest321/docgen/markup.go:224.31,226.3 1 0
github.com/forrest321/docgen/markup.go:227.39,228.48 1 0
github.com/forrest321/docgen/markup.go:228.48,233.4 4 0
github.com/forrest321/docgen/markup.go:235.63,239.3 2 0
github.com/forrest321/docgen/markupTemplates.go:9.28,28.2 1 1
github.com/forrest321/docgen/markupTemplates.go:31.45,37.2 1 1
github.com/forrest321/docgen/markupTemplates.go:40.43,46.2 1 1
github.com/forrest321/docgen/markupTemplates.go:49.35,51.2 1 1
github.com/forrest321/docgen/markupTemplates.go:54.30,56.2 1 1
github.com/forrest321/docgen/markupTemplates.go:59.28,61.2 1 1
github.com/forrest321/docgen/markupTemplates.go:64.42,65.39 1 1
github.com/forrest321/docgen/markupTemplates.go:69.2,73.15 2 1
github.com/forrest321/docgen/markupTemplates.go:78.2,80.15 3 1
github.com/forrest321/docgen/markupTemplates.go:65.39,68.3 1 0
github.com/forrest321/docgen/markupTemplates.go:73.15,75.3 1 1
github.com/forrest321/docgen/markupTemplates.go:75.3,75.22 1 1
github.com/forrest321/docgen/markupTemplates.go:75.22,77.3 1 1
github.com/forrest321/docgen/markupTemplates.go:84.31,96.2 1 1
github.com/forrest321/docgen/markupTemplates.go:99.30,101.2 1 0
github.com/forrest321/docgen/util.go:3.44,7.47 3 0
github.com/forrest321/docgen/util.go:28.2,28.45 1 0
github.com/forrest321/docgen/util.go:36.2,36.24 1 0
github.com/forrest321/docgen/util.go:7.47,10.30 2 0
github.com/forrest321/docgen/util.go:25.3,25.13 1 0
github.com/forrest321/docgen/util.go:10.30,12.29 2 0
github.com/forrest321/docgen/util.go:18.4,18.25 1 0
github.com/forrest321/docgen/util.go:22.4,22.17 1 0
github.com/forrest321/docgen/util.go:12.29,14.40 2 0
github.com/forrest321/docgen/util.go:14.40,16.6 1 0
github.com/forrest321/docgen/util.go:18.25,21.5 2 0
github.com/forrest321/docgen/util.go:28.45,34.3 5 0
github.com/forrest321/docgen/builder.go:14.42,18.18 3 0
github.com/forrest321/docgen/builder.go:23.2,24.15 2 0
github.com/forrest321/docgen/builder.go:18.18,20.3 1 0
github.com/forrest321/docgen/builder.go:27.45,33.39 5 0
github.com/forrest321/docgen/builder.go:40.2,40.34 1 0
github.com/forrest321/docgen/builder.go:80.2,80.11 1 0
github.com/forrest321/docgen/builder.go:33.39,38.3 2 0
github.com/forrest321/docgen/builder.go:40.34,43.26 2 0
github.com/forrest321/docgen/builder.go:77.3,77.25 1 0
github.com/forrest321/docgen/builder.go:43.26,48.4 3 0
github.com/forrest321/docgen/builder.go:48.4,50.39 2 0
github.com/forrest321/docgen/builder.go:50.39,51.88 1 0
github.com/forrest321/docgen/builder.go:55.5,60.21 4 0
github.com/forrest321/docgen/builder.go:71.5,73.30 2 0
github.com/forrest321/docgen/builder.go:51.88,52.14 1 0
github.com/forrest321/docgen/builder.go:60.21,61.43 1 0
github.com/forrest321/docgen/builder.go:66.6,66.31 1 0
github.com/forrest321/docgen/builder.go:61.43,65.7 1 0
github.com/forrest321/docgen/builder.go:67.6,69.6 1 0
github.com/forrest321/docgen/builder.go:83.44,88.18 4 0
github.com/forrest321/docgen/builder.go:93.2,94.22 2 0
github.com/forrest321/docgen/builder.go:97.2,100.13 3 0
github.com/forrest321/docgen/builder.go:107.2,107.41 1 0
github.com/forrest321/docgen/builder.go:111.2,113.44 3 0
github.com/forrest321/docgen/builder.go:118.2,118.42 1 0
github.com/forrest321/docgen/builder.go:122.2,122.22 1 0
github.com/forrest321/docgen/builder.go:126.2,126.11 1 0
github.com/forrest321/docgen/builder.go:88.18,91.3 2 0
github.com/forrest321/docgen/builder.go:94.22,96.3 1 0
github.com/forrest321/docgen/builder.go:100.13,103.3 2 0
github.com/forrest321/docgen/builder.go:103.3,105.3 1 0
github.com/forrest321/docgen/builder.go:107.41,109.3 1 0
github.com/forrest321/docgen/builder.go:113.44,115.3 1 0
github.com/forrest321/docgen/builder.go:118.42,120.3 1 0
github.com/forrest321/docgen/builder.go:122.22,124.3 1 0
github.com/forrest321/docgen/docgen.go:39.32,41.57 2 0
github.com/forrest321/docgen/docgen.go:54.2,54.20 1 0
github.com/forrest321/docgen/docgen.go:41.57,43.26 2 0
github.com/forrest321/docgen/docgen.go:43.26,44.27 1 0
github.com/forrest321/docgen/docgen.go:44.27,46.5 1 0
github.com/forrest321/docgen/docgen.go:46.5,51.5 3 0
github.com/forrest321/docgen/docgen.go:57.41,60.16 3 0
github.com/forrest321/docgen/docgen.go:63.2,63.18 1 0
github.com/forrest321/docgen/docgen.go:60.16,61.13 1 0
github.com/forrest321/docgen/funcinfo.go:23.42,28.18 4 0
github.com/forrest321/docgen/funcinfo.go:33.2,34.22 2 0
github.com/forrest321/docgen/funcinfo.go:37.2,40.13 3 0
github.com/forrest321/docgen/funcinfo.go:47.2,47.41 1 0
github.com/forrest321/docgen/funcinfo.go:51.2,53.44 3 0
github.com/forrest321/docgen/funcinfo.go:58.2,58.42 1 0
github.com/forrest321/docgen/funcinfo.go:62.2,62.22 1 0
github.com/forrest321/docgen/funcinfo.go:66.2,66.11 1 0
github.com/forrest321/docgen/funcinfo.go:28.18,31.3 2 0
github.com/forrest321/docgen/funcinfo.go:34.22,36.3 1 0
github.com/forrest321/docgen/funcinfo.go:40.13,43.3 2 0
github.com/forrest321/docgen/funcinfo.go:43.3,45.3 1 0
github.com/forrest321/docgen/funcinfo.go:47.41,49.3 1 0
github.com/forrest321/docgen/funcinfo.go:53.44,55.3 1 0
github.com/forrest321/docgen/funcinfo.go:58.42,60.3 1 0
github.com/forrest321/docgen/funcinfo.go:62.22,64.3 1 0
github.com/forrest321/docgen/funcinfo.go:69.51,72.19 3 0
github.com/forrest321/docgen/funcinfo.go:75.2,76.22 2 0
github.com/forrest321/docgen/funcinfo.go:79.2,79.15 1 0
github.com/forrest321/docgen/funcinfo.go:72.19,74.3 1 0
github.com/forrest321/docgen/funcinfo.go:76.22,78.3 1 0
github.com/forrest321/docgen/funcinfo.go:82.37,85.16 3 0
github.com/forrest321/docgen/funcinfo.go:88.2,88.25 1 0
github.com/forrest321/docgen/funcinfo.go:91.2,91.26 1 0
github.com/forrest321/docgen/funcinfo.go:85.16,87.3 1 0
github.com/forrest321/docgen/funcinfo.go:88.25,90.3 1 0
github.com/forrest321/docgen/funcinfo.go:94.51,98.16 3 0
github.com/forrest321/docgen/funcinfo.go:102.2,102.32 1 0
github.com/forrest321/docgen/funcinfo.go:106.2,106.39 1 0
github.com/forrest321/docgen/funcinfo.go:112.2,112.11 1 0
github.com/forrest321/docgen/funcinfo.go:98.16,100.3 1 0
github.com/forrest321/docgen/funcinfo.go:102.32,104.3 1 0
github.com/forrest321/docgen/funcinfo.go:106.39,107.46 1 0
github.com/forrest321/docgen/funcinfo.go:107.46,109.4 1 0
github.com/forrest321/docgen/markdown.go:39.64,41.38 2 0
github.com/forrest321/docgen/markdown.go:44.2,44.20 1 0
github.com/forrest321/docgen/markdown.go:41.38,43.3 1 0
github.com/forrest321/docgen/markdown.go:47.40,49.2 1 0
github.com/forrest321/docgen/markdown.go:51.41,52.22 1 0
github.com/forrest321/docgen/markdown.go:56.2,57.16 2 0
github.com/forrest321/docgen/markdown.go:61.2,68.12 6 0
github.com/forrest321/docgen/markdown.go:52.22,54.3 1 0
github.com/forrest321/docgen/markdown.go:57.16,59.3 1 0
github.com/forrest321/docgen/markdown.go:71.37,77.2 4 0
github.com/forrest321/docgen/markdown.go:79.38,83.69 3 0
github.com/forrest321/docgen/markdown.go:126.2,132.46 5 0
github.com/forrest321/docgen/markdown.go:166.2,167.29 2 0
github.com/forrest321/docgen/markdown.go:170.2,172.33 2 0
github.com/forrest321/docgen/markdown.go:182.2,183.76 2 0
github.com/forrest321/docgen/markdown.go:83.69,87.34 2 0
github.com/forrest321/docgen/markdown.go:87.34,92.24 3 0
github.com/forrest321/docgen/markdown.go:92.24,101.5 3 0
github.com/forrest321/docgen/markdown.go:101.5,101.35 1 0
github.com/forrest321/docgen/markdown.go:101.35,110.40 3 0
github.com/forrest321/docgen/markdown.go:113.5,113.45 1 0
github.com/forrest321/docgen/markdown.go:110.40,112.6 1 0
github.com/forrest321/docgen/markdown.go:115.5,116.26 1 0
github.com/forrest321/docgen/markdown.go:132.46,135.30 2 0
github.com/forrest321/docgen/markdown.go:140.3,140.37 1 0
github.com/forrest321/docgen/markdown.go:145.3,145.32 1 0
github.com/forrest321/docgen/markdown.go:135.30,137.4 1 0
github.com/forrest321/docgen/markdown.go:140.37,142.4 1 0
github.com/forrest321/docgen/markdown.go:145.32,148.24 2 0
github.com/forrest321/docgen/markdown.go:148.24,150.5 1 0
github.com/forrest321/docgen/markdown.go:150.5,151.39 1 0
github.com/forrest321/docgen/markdown.go:151.39,155.40 2 0
github.com/forrest321/docgen/markdown.go:160.6,160.112 1 0
github.com/forrest321/docgen/markdown.go:155.40,157.7 1 0
github.com/forrest321/docgen/markdown.go:167.29,169.3 1 0
github.com/forrest321/docgen/markdown.go:172.33,180.3 7 0
github.com/forrest321/docgen/markdown.go:188.70,190.76 1 0
github.com/forrest321/docgen/markdown.go:193.2,193.31 1 0
github.com/forrest321/docgen/markdown.go:196.2,196.39 1 0
github.com/forrest321/docgen/markdown.go:204.2,204.63 1 0
github.com/forrest321/docgen/markdown.go:210.2,210.50 1 0
github.com/forrest321/docgen/markdown.go:190.76,192.3 1 0
github.com/forrest321/docgen/markdown.go:193.31,195.3 1 0
github.com/forrest321/docgen/markdown.go:196.39,197.48 1 0
github.com/forrest321/docgen/markdown.go:197.48,202.4 4 0
github.com/forrest321/docgen/markdown.go:204.63,208.3 2 0
